# JRE version: OpenJDK Runtime Environment Corretto-17.0.8.8.1 (17.0.8.1+8) (build 17.0.8.1+8-LTS)
# Java VM: OpenJDK 64-Bit Server VM Corretto-17.0.8.8.1 (17.0.8.1+8-LTS, mixed mode, sharing, tiered, compressed oops, compressed class ptrs, g1 gc, windows-amd64)
GC Precious Log:
 CPUs: 8 total, 8 available
 Memory: 16064M
 Large Page Support: Disabled
 NUMA Support: Disabled
 Compressed Oops: Enabled (Zero based)
 Heap Region Size: 2M
 Heap Min Capacity: 8M
 Heap Initial Capacity: 252M
 Heap Max Capacity: 4018M
 Pre-touch: Disabled
 Parallel Workers: 8
 Concurrent Workers: 2
 Concurrent Refinement Workers: 8
 Periodic GC: Disabled
Heap:
 garbage-first heap   total 96256K, used 60357K [0x0000000704e00000, 0x0000000800000000)
  region size 2048K, 15 young (30720K), 3 survivors (6144K)
 Metaspace       used 55017K, committed 55552K, reserved 1114112K
  class space    used 7293K, committed 7552K, reserved 1048576K
GC Heap History (20 events):
Event: 7.779 GC heap before
{Heap before GC invocations=7 (full 0):
 garbage-first heap   total 75776K, used 47842K [0x0000000704e00000, 0x0000000800000000)
  region size 2048K, 15 young (30720K), 2 survivors (4096K)
 Metaspace       used 29842K, committed 30208K, reserved 1114112K
  class space    used 3922K, committed 4096K, reserved 1048576K
}
Event: 7.784 GC heap after
{Heap after GC invocations=8 (full 0):
 garbage-first heap   total 75776K, used 22752K [0x0000000704e00000, 0x0000000800000000)
  region size 2048K, 2 young (4096K), 2 survivors (4096K)
 Metaspace       used 29842K, committed 30208K, reserved 1114112K
  class space    used 3922K, committed 4096K, reserved 1048576K
}
Event: 8.812 GC heap before
{Heap before GC invocations=8 (full 0):
 garbage-first heap   total 75776K, used 51424K [0x0000000704e00000, 0x0000000800000000)
  region size 2048K, 16 young (32768K), 2 survivors (4096K)
 Metaspace       used 34619K, committed 35072K, reserved 1114112K
  class space    used 4519K, committed 4736K, reserved 1048576K
}
Event: 8.818 GC heap after
{Heap after GC invocations=9 (full 0):
 garbage-first heap   total 75776K, used 24585K [0x0000000704e00000, 0x0000000800000000)
  region size 2048K, 2 young (4096K), 2 survivors (4096K)
 Metaspace       used 34619K, committed 35072K, reserved 1114112K
  class space    used 4519K, committed 4736K, reserved 1048576K
}
Event: 9.144 GC heap before
{Heap before GC invocations=9 (full 0):
 garbage-first heap   total 75776K, used 34825K [0x0000000704e00000, 0x0000000800000000)
  region size 2048K, 8 young (16384K), 2 survivors (4096K)
 Metaspace       used 35755K, committed 36096K, reserved 1114112K
  class space    used 4691K, committed 4864K, reserved 1048576K
}
Event: 9.149 GC heap after
{Heap after GC invocations=10 (full 0):
 garbage-first heap   total 75776K, used 25480K [0x0000000704e00000, 0x0000000800000000)
  region size 2048K, 2 young (4096K), 2 survivors (4096K)
 Metaspace       used 35755K, committed 36096K, reserved 1114112K
  class space    used 4691K, committed 4864K, reserved 1048576K
}
Event: 9.766 GC heap before
{Heap before GC invocations=11 (full 0):
 garbage-first heap   total 75776K, used 52104K [0x0000000704e00000, 0x0000000800000000)
  region size 2048K, 16 young (32768K), 2 survivors (4096K)
 Metaspace       used 38406K, committed 38784K, reserved 1114112K
  class space    used 4970K, committed 5120K, reserved 1048576K
}
Event: 9.773 GC heap after
{Heap after GC invocations=12 (full 0):
 garbage-first heap   total 75776K, used 34347K [0x0000000704e00000, 0x0000000800000000)
  region size 2048K, 2 young (4096K), 2 survivors (4096K)
 Metaspace       used 38406K, committed 38784K, reserved 1114112K
  class space    used 4970K, committed 5120K, reserved 1048576K
}
Event: 10.025 GC heap before
{Heap before GC invocations=12 (full 0):
 garbage-first heap   total 75776K, used 50731K [0x0000000704e00000, 0x0000000800000000)
  region size 2048K, 10 young (20480K), 2 survivors (4096K)
 Metaspace       used 38551K, committed 39040K, reserved 1114112K
  class space    used 4984K, committed 5248K, reserved 1048576K
}
Event: 10.030 GC heap after
{Heap after GC invocations=13 (full 0):
 garbage-first heap   total 75776K, used 35690K [0x0000000704e00000, 0x0000000800000000)
  region size 2048K, 2 young (4096K), 2 survivors (4096K)
 Metaspace       used 38551K, committed 39040K, reserved 1114112K
  class space    used 4984K, committed 5248K, reserved 1048576K
}
Event: 10.131 GC heap before
{Heap before GC invocations=13 (full 0):
 garbage-first heap   total 75776K, used 50026K [0x0000000704e00000, 0x0000000800000000)
  region size 2048K, 10 young (20480K), 2 survivors (4096K)
 Metaspace       used 38573K, committed 39104K, reserved 1114112K
  class space    used 4985K, committed 5248K, reserved 1048576K
}
Event: 10.135 GC heap after
{Heap after GC invocations=14 (full 0):
 garbage-first heap   total 75776K, used 37891K [0x0000000704e00000, 0x0000000800000000)
  region size 2048K, 2 young (4096K), 2 survivors (4096K)
 Metaspace       used 38573K, committed 39104K, reserved 1114112K
  class space    used 4985K, committed 5248K, reserved 1048576K
}
Event: 10.497 GC heap before
{Heap before GC invocations=15 (full 0):
 garbage-first heap   total 79872K, used 50179K [0x0000000704e00000, 0x0000000800000000)
  region size 2048K, 9 young (18432K), 2 survivors (4096K)
 Metaspace       used 39448K, committed 39872K, reserved 1114112K
  class space    used 5089K, committed 5312K, reserved 1048576K
}
Event: 10.500 GC heap after
{Heap after GC invocations=16 (full 0):
 garbage-first heap   total 79872K, used 37311K [0x0000000704e00000, 0x0000000800000000)
  region size 2048K, 1 young (2048K), 1 survivors (2048K)
 Metaspace       used 39448K, committed 39872K, reserved 1114112K
  class space    used 5089K, committed 5312K, reserved 1048576K
}
Event: 10.614 GC heap before
{Heap before GC invocations=16 (full 0):
 garbage-first heap   total 79872K, used 39359K [0x0000000704e00000, 0x0000000800000000)
  region size 2048K, 2 young (4096K), 1 survivors (2048K)
 Metaspace       used 39774K, committed 40320K, reserved 1114112K
  class space    used 5139K, committed 5376K, reserved 1048576K
}
Event: 10.619 GC heap after
{Heap after GC invocations=17 (full 0):
 garbage-first heap   total 96256K, used 36241K [0x0000000704e00000, 0x0000000800000000)
  region size 2048K, 1 young (2048K), 1 survivors (2048K)
 Metaspace       used 39774K, committed 40320K, reserved 1114112K
  class space    used 5139K, committed 5376K, reserved 1048576K
}
Event: 12.173 GC heap before
{Heap before GC invocations=17 (full 0):
 garbage-first heap   total 96256K, used 66961K [0x0000000704e00000, 0x0000000800000000)
  region size 2048K, 17 young (34816K), 1 survivors (2048K)
 Metaspace       used 43454K, committed 43968K, reserved 1114112K
  class space    used 5610K, committed 5824K, reserved 1048576K
}
Event: 12.177 GC heap after
{Heap after GC invocations=18 (full 0):
 garbage-first heap   total 96256K, used 38245K [0x0000000704e00000, 0x0000000800000000)
  region size 2048K, 2 young (4096K), 2 survivors (4096K)
 Metaspace       used 43454K, committed 43968K, reserved 1114112K
  class space    used 5610K, committed 5824K, reserved 1048576K
}
Event: 13.773 GC heap before
{Heap before GC invocations=18 (full 0):
 garbage-first heap   total 96256K, used 68965K [0x0000000704e00000, 0x0000000800000000)
  region size 2048K, 18 young (36864K), 2 survivors (4096K)
 Metaspace       used 49888K, committed 50368K, reserved 1114112K
  class space    used 6560K, committed 6784K, reserved 1048576K
}
Event: 13.778 GC heap after
{Heap after GC invocations=19 (full 0):
 garbage-first heap   total 96256K, used 39877K [0x0000000704e00000, 0x0000000800000000)
  region size 2048K, 3 young (6144K), 3 survivors (6144K)
 Metaspace       used 49888K, committed 50368K, reserved 1114112K
  class space    used 6560K, committed 6784K, reserved 1048576K
}

